<?xml version="1.0" encoding="UTF-8"?>
<testng-results ignored="0" total="1" passed="1" failed="0" skipped="0">
  <reporter-output>
    <line>
      <![CDATA[Flipkart374]]>
    </line>
    <line>
      <![CDATA[data verified]]>
    </line>
  </reporter-output>
  <suite started-at="2022-02-12T16:20:28 IST" name="Default suite" finished-at="2022-02-12T16:20:31 IST" duration-ms="3202">
    <groups>
    </groups>
    <test started-at="2022-02-12T16:20:28 IST" name="Default test" finished-at="2022-02-12T16:20:31 IST" duration-ms="3202">
      <class name="GenericUtilityImplementation.CreateResourceAndVerifyProjectname">
        <test-method is-config="true" signature="bsConfig()[pri:0, instance:GenericUtilityImplementation.CreateResourceAndVerifyProjectname@7205765b]" started-at="2022-02-12T16:20:27 IST" name="bsConfig" finished-at="2022-02-12T16:20:28 IST" duration-ms="1354" status="PASS">
          <reporter-output>
          </reporter-output>
        </test-method> <!-- bsConfig -->
        <test-method signature="VerifyProjectname()[pri:0, instance:GenericUtilityImplementation.CreateResourceAndVerifyProjectname@7205765b]" started-at="2022-02-12T16:20:28 IST" name="VerifyProjectname" finished-at="2022-02-12T16:20:31 IST" duration-ms="3145" status="PASS">
          <reporter-output>
            <line>
              <![CDATA[Flipkart374]]>
            </line>
            <line>
              <![CDATA[data verified]]>
            </line>
          </reporter-output>
        </test-method> <!-- VerifyProjectname -->
        <test-method is-config="true" signature="asConfig()[pri:0, instance:GenericUtilityImplementation.CreateResourceAndVerifyProjectname@7205765b]" started-at="2022-02-12T16:20:31 IST" name="asConfig" finished-at="2022-02-12T16:20:31 IST" duration-ms="9" status="PASS">
          <reporter-output>
          </reporter-output>
        </test-method> <!-- asConfig -->
      </class> <!-- GenericUtilityImplementation.CreateResourceAndVerifyProjectname -->
    </test> <!-- Default test -->
  </suite> <!-- Default suite -->
</testng-results>
